{
  "stats": {
    "suites": 2,
    "tests": 2,
    "passes": 0,
    "pending": 2,
    "failures": 0,
    "start": "2021-09-20T19:09:32.565Z",
    "end": "2021-09-20T19:09:32.569Z",
    "duration": 4,
    "testsRegistered": 2,
    "passPercent": null,
    "pendingPercent": 100,
    "other": 0,
    "hasOther": false,
    "skipped": 0,
    "hasSkipped": false
  },
  "results": [
    {
      "uuid": "e2ba4eb0-3a62-46e9-8ba8-0e91b738f5eb",
      "title": "",
      "fullFile": "",
      "file": "",
      "beforeHooks": [],
      "afterHooks": [],
      "tests": [],
      "suites": [
        {
          "uuid": "9a9f19a2-9aee-4429-a012-9d63bcd77620",
          "title": "Add meaningfull generator tests",
          "fullFile": "C:\\Users\\martena\\Entwicklung\\smithery\\smithery-plugin-YAML\\lib\\generator.spec.js",
          "file": "\\lib\\generator.spec.js",
          "beforeHooks": [],
          "afterHooks": [],
          "tests": [
            {
              "title": "TODO",
              "fullTitle": "Add meaningfull generator tests TODO",
              "timedOut": false,
              "duration": 0,
              "state": "pending",
              "speed": null,
              "pass": false,
              "fail": false,
              "pending": true,
              "context": null,
              "code": "",
              "err": {},
              "uuid": "701087cb-9129-481c-8458-64e8cb4e2b77",
              "parentUUID": "9a9f19a2-9aee-4429-a012-9d63bcd77620",
              "isHook": false,
              "skipped": false
            }
          ],
          "suites": [],
          "passes": [],
          "failures": [],
          "pending": [
            "701087cb-9129-481c-8458-64e8cb4e2b77"
          ],
          "skipped": [],
          "duration": 0,
          "root": false,
          "rootEmpty": false,
          "_timeout": 2000
        },
        {
          "uuid": "5613ff8e-af31-4b7b-b506-7c6020d912b2",
          "title": "Add meaningful tests for the parser",
          "fullFile": "C:\\Users\\martena\\Entwicklung\\smithery\\smithery-plugin-YAML\\lib\\parser.spec.js",
          "file": "\\lib\\parser.spec.js",
          "beforeHooks": [],
          "afterHooks": [],
          "tests": [
            {
              "title": "TODO",
              "fullTitle": "Add meaningful tests for the parser TODO",
              "timedOut": false,
              "duration": 0,
              "state": "pending",
              "speed": null,
              "pass": false,
              "fail": false,
              "pending": true,
              "context": null,
              "code": "",
              "err": {},
              "uuid": "e2b3e4a8-83d8-4d54-89f9-bbc95ff816fc",
              "parentUUID": "5613ff8e-af31-4b7b-b506-7c6020d912b2",
              "isHook": false,
              "skipped": false
            }
          ],
          "suites": [],
          "passes": [],
          "failures": [],
          "pending": [
            "e2b3e4a8-83d8-4d54-89f9-bbc95ff816fc"
          ],
          "skipped": [],
          "duration": 0,
          "root": false,
          "rootEmpty": false,
          "_timeout": 2000
        }
      ],
      "passes": [],
      "failures": [],
      "pending": [],
      "skipped": [],
      "duration": 0,
      "root": true,
      "rootEmpty": true,
      "_timeout": 2000
    }
  ],
  "meta": {
    "mocha": {
      "version": "9.1.1"
    },
    "mochawesome": {
      "options": {
        "quiet": false,
        "reportFilename": "testResults",
        "saveHtml": true,
        "saveJson": true,
        "consoleReporter": "spec",
        "useInlineDiffs": false,
        "code": true
      },
      "version": "6.2.2"
    },
    "marge": {
      "options": {
        "reportDir": "reports/test-results",
        "reportFilename": "testResults"
      },
      "version": "5.2.0"
    }
  }
}